<?xml version="1.0" encoding="UTF-8"?>
<!-- Generated by org.testng.reporters.JUnitReportReporter -->
<testsuite skipped="0" hostname="TL-HEN-ICTS-01" name="com.xcart.AppTest" tests="1" failures="0" timestamp="29 Nov 2021 20:21:53 GMT" time="0.016" errors="0">
  <testcase name="shouldAnswerWithTrue" time="0.016" classname="com.xcart.AppTest"/>
</testsuite> <!-- com.xcart.AppTest -->
